[debug] [2021-01-12T20:36:17.315Z] ----------------------------------------------------------------------
[debug] [2021-01-12T20:36:17.317Z] Command:       C:\Program Files\nodejs\node.exe C:\Users\victor.hristov\AppData\Roaming\npm\node_modules\firebase-tools\lib\bin\firebase.js init
[debug] [2021-01-12T20:36:17.317Z] CLI Version:   9.2.0
[debug] [2021-01-12T20:36:17.317Z] Platform:      win32
[debug] [2021-01-12T20:36:17.317Z] Node Version:  v14.15.4
[debug] [2021-01-12T20:36:17.319Z] Time:          Tue Jan 12 2021 22:36:17 GMT+0200 (Източноевропейско стандартно време)
[debug] [2021-01-12T20:36:17.319Z] ----------------------------------------------------------------------
[debug] [2021-01-12T20:36:17.319Z] 
[debug] [2021-01-12T20:36:17.325Z] > command requires scopes: ["email","openid","https://www.googleapis.com/auth/cloudplatformprojects.readonly","https://www.googleapis.com/auth/firebase","https://www.googleapis.com/auth/cloud-platform"]
[debug] [2021-01-12T20:36:17.326Z] > authorizing via signed-in user
[info] 
     ######## #### ########  ######## ########     ###     ######  ########
     ##        ##  ##     ## ##       ##     ##  ##   ##  ##       ##
     ######    ##  ########  ######   ########  #########  ######  ######
     ##        ##  ##    ##  ##       ##     ## ##     ##       ## ##
     ##       #### ##     ## ######## ########  ##     ##  ######  ########

You're about to initialize a Firebase project in this directory:

  C:\Users\victor.hristov\Desktop\netflix-clone

[info] 
=== Project Setup
[info] 
[info] First, let's associate this project directory with a Firebase project.
[info] You can create multiple project aliases by running firebase use --add, 
[info] but for now we'll just set up a default project.
[info] 
[debug] [2021-01-12T20:37:27.994Z] >>> [apiv2][query] GET https://firebase.googleapis.com/v1beta1/projects pageSize=100
[debug] [2021-01-12T20:37:28.330Z] <<< [apiv2][status] GET https://firebase.googleapis.com/v1beta1/projects 200
[debug] [2021-01-12T20:37:28.330Z] <<< [apiv2][body] GET https://firebase.googleapis.com/v1beta1/projects [omitted]
[info] i  Using project netflix-clone-ea43e (Netflix Clone) 
[info] 
=== Hosting Setup
[info] 
[info] Your public directory is the folder (relative to your project directory) that
[info] will contain Hosting assets to be uploaded with firebase deploy. If you
[info] have a build process for your assets, use your build's output directory.
[info] 
[debug] [2021-01-12T20:37:46.447Z] >>> [apiv2][query] GET https://www.gstatic.com/firebasejs/releases.json [none]
[debug] [2021-01-12T20:37:46.494Z] <<< [apiv2][status] GET https://www.gstatic.com/firebasejs/releases.json 200
[debug] [2021-01-12T20:37:46.494Z] <<< [apiv2][body] GET https://www.gstatic.com/firebasejs/releases.json {"current":{"version":"8.2.2","browserURL":"https://www.gstatic.com/firebasejs/8.2.2/firebase.js","packageURL":"https://www.gstatic.com/firebasejs/8.2.2/firebase.tgz"},"live":{"version":"8.2","browserURL":"https://www.gstatic.com/firebasejs/live/8.2/firebase.js","packageURL":"https://www.gstatic.com/firebasejs/live/8.2/firebase.tgz"},"components":{"analytics":"https://www.gstatic.com/firebasejs/8.2.2/firebase-analytics.js","app":"https://www.gstatic.com/firebasejs/8.2.2/firebase-app.js","auth":"https://www.gstatic.com/firebasejs/8.2.2/firebase-auth.js","database":"https://www.gstatic.com/firebasejs/8.2.2/firebase-database.js","firestore":"https://www.gstatic.com/firebasejs/8.2.2/firebase-firestore.js","functions":"https://www.gstatic.com/firebasejs/8.2.2/firebase-functions.js","installations":"https://www.gstatic.com/firebasejs/8.2.2/firebase-installations.js","messaging":"https://www.gstatic.com/firebasejs/8.2.2/firebase-messaging.js","storage":"https://www.gstatic.com/firebasejs/8.2.2/firebase-storage.js","performance":"https://www.gstatic.com/firebasejs/8.2.2/firebase-performance.js","remote-config":"https://www.gstatic.com/firebasejs/8.2.2/firebase-remote-config.js","firestore.memory":"https://www.gstatic.com/firebasejs/8.2.2/firebase-firestore.memory.js"}}
[info] i  Skipping write of public/index.html 
[info] 
[info] i  Detected a .git folder at C:\Users\victor.hristov\Desktop\netflix-clone 
[info] i  Authorizing with GitHub to upload your service account to a GitHub repository's secrets store. 
[info] 
[info] Visit this URL on this device to log in:
[info] https://github.com/login/oauth/authorize?client_id=89cf50f02ac6aaed3484&state=314766024&redirect_uri=http%3A%2F%2Flocalhost%3A9005&scope=read%3Auser%20repo%20public_repo
[info] 
[info] Waiting for authentication...
[debug] [2021-01-12T20:38:03.162Z] >>> HTTP REQUEST POST https://github.com/login/oauth/access_token  
 {"client_id":"89cf50f02ac6aaed3484","client_secret":"3330d14abc895d9a74d5f17cd7a00711fa2c5bf0","code":"51ac4158d7ad0b661ba6","redirect_uri":"http://localhost:9005","state":"314766024"}
[debug] [2021-01-12T20:38:03.486Z] <<< HTTP RESPONSE 200 {"date":"Tue, 12 Jan 2021 20:38:03 GMT","content-type":"application/json; charset=utf-8","transfer-encoding":"chunked","server":"GitHub.com","status":"200 OK","vary":"X-PJAX, Accept-Encoding, Accept, X-Requested-With, Accept-Encoding","etag":"W/\"64bec064df2af9026109699b84dcef35\"","cache-control":"max-age=0, private, must-revalidate","strict-transport-security":"max-age=31536000; includeSubdomains; preload","x-frame-options":"deny","x-content-type-options":"nosniff","x-xss-protection":"1; mode=block","referrer-policy":"origin-when-cross-origin, strict-origin-when-cross-origin","expect-ct":"max-age=2592000, report-uri=\"https://api.github.com/_private/browser/errors\"","content-security-policy":"default-src 'none'; base-uri 'self'; block-all-mixed-content; connect-src 'self' uploads.github.com www.githubstatus.com collector.githubapp.com api.github.com github-cloud.s3.amazonaws.com github-production-repository-file-5c1aeb.s3.amazonaws.com github-production-upload-manifest-file-7fdce7.s3.amazonaws.com github-production-user-asset-6210df.s3.amazonaws.com cdn.optimizely.com logx.optimizely.com/v1/events wss://alive.github.com; font-src github.githubassets.com; form-action 'self' github.com gist.github.com; frame-ancestors 'none'; frame-src render.githubusercontent.com; img-src 'self' data: github.githubassets.com identicons.github.com collector.githubapp.com github-cloud.s3.amazonaws.com *.githubusercontent.com; manifest-src 'self'; media-src 'none'; script-src github.githubassets.com; style-src 'unsafe-inline' github.githubassets.com; worker-src github.com/socket-worker-5029ae85.js gist.github.com/socket-worker-5029ae85.js","x-github-request-id":"D069:D9C3:592D93:7B99DC:5FFE08AB"}
[debug] [2021-01-12T20:38:03.487Z] >>> [apiv2][query] GET https://api.github.com/user [none]
[debug] [2021-01-12T20:38:03.865Z] <<< [apiv2][status] GET https://api.github.com/user 200
[debug] [2021-01-12T20:38:03.865Z] <<< [apiv2][body] GET https://api.github.com/user {"login":"VictorIvanov87","id":11041564,"node_id":"MDQ6VXNlcjExMDQxNTY0","avatar_url":"https://avatars3.githubusercontent.com/u/11041564?v=4","gravatar_id":"","url":"https://api.github.com/users/VictorIvanov87","html_url":"https://github.com/VictorIvanov87","followers_url":"https://api.github.com/users/VictorIvanov87/followers","following_url":"https://api.github.com/users/VictorIvanov87/following{/other_user}","gists_url":"https://api.github.com/users/VictorIvanov87/gists{/gist_id}","starred_url":"https://api.github.com/users/VictorIvanov87/starred{/owner}{/repo}","subscriptions_url":"https://api.github.com/users/VictorIvanov87/subscriptions","organizations_url":"https://api.github.com/users/VictorIvanov87/orgs","repos_url":"https://api.github.com/users/VictorIvanov87/repos","events_url":"https://api.github.com/users/VictorIvanov87/events{/privacy}","received_events_url":"https://api.github.com/users/VictorIvanov87/received_events","type":"User","site_admin":false,"name":"VictorIvanov87","company":null,"blog":"","location":null,"email":null,"hireable":null,"bio":null,"twitter_username":null,"public_repos":17,"public_gists":0,"followers":0,"following":0,"created_at":"2015-02-17T08:34:45Z","updated_at":"2021-01-12T20:38:02Z","private_gists":1,"total_private_repos":9,"owned_private_repos":9,"disk_usage":84296,"collaborators":0,"two_factor_authentication":false,"plan":{"name":"free","space":976562499,"collaborators":0,"private_repos":10000}}
[info] 
[info] +  Success! Logged into GitHub as VictorIvanov87 
[info] 
